\BOOKMARK [0][-]{section*.1}{Abstract}{}% 1
\BOOKMARK [0][-]{chapter.1}{Introduzione}{}% 2
\BOOKMARK [1][-]{section.1.1}{Che cos'\350 il Brute Force}{chapter.1}% 3
\BOOKMARK [1][-]{section.1.2}{Hash}{chapter.1}% 4
\BOOKMARK [2][-]{subsection.1.2.1}{Types}{section.1.2}% 5
\BOOKMARK [1][-]{section.1.3}{Password analysis}{chapter.1}% 6
\BOOKMARK [2][-]{subsection.1.3.1}{20-60-20 RULE}{section.1.3}% 7
\BOOKMARK [1][-]{section.1.4}{Strumenti}{chapter.1}% 8
\BOOKMARK [2][-]{subsection.1.4.1}{John The Ripper}{section.1.4}% 9
\BOOKMARK [2][-]{subsection.1.4.2}{Hashcat}{section.1.4}% 10
\BOOKMARK [0][-]{chapter.2}{Tecniche di Brute Force}{}% 11
\BOOKMARK [1][-]{section.2.1}{Offline Attack}{chapter.2}% 12
\BOOKMARK [1][-]{section.2.2}{Brute Force Attack}{chapter.2}% 13
\BOOKMARK [1][-]{section.2.3}{Dictionary Attack}{chapter.2}% 14
\BOOKMARK [2][-]{subsection.2.3.1}{Crunch CRUNCH}{section.2.3}% 15
\BOOKMARK [1][-]{section.2.4}{Rainbow Table Attack}{chapter.2}% 16
\BOOKMARK [1][-]{section.2.5}{Rule Attack}{chapter.2}% 17
\BOOKMARK [1][-]{section.2.6}{Mask Attack}{chapter.2}% 18
\BOOKMARK [0][-]{chapter.3}{Extract Hashes}{}% 19
\BOOKMARK [1][-]{section.3.1}{Windows}{chapter.3}% 20
\BOOKMARK [2][-]{subsection.3.1.1}{CREDDUMP}{section.3.1}% 21
\BOOKMARK [2][-]{subsection.3.1.2}{MIMIKATZ}{section.3.1}% 22
\BOOKMARK [1][-]{section.3.2}{Linux}{chapter.3}% 23
\BOOKMARK [2][-]{subsection.3.2.1}{File}{section.3.2}% 24
\BOOKMARK [0][-]{chapter.4}{Brute Force Dispositivi mobile}{}% 25
\BOOKMARK [1][-]{section.4.1}{Brute Force con Dispositivi mobile}{chapter.4}% 26
\BOOKMARK [2][-]{subsection.4.1.1}{NetHunter}{section.4.1}% 27
\BOOKMARK [2][-]{subsection.4.1.2}{Android-PIN-Bruteforce}{section.4.1}% 28
\BOOKMARK [1][-]{section.4.2}{WBRUTE}{chapter.4}% 29
\BOOKMARK [1][-]{section.4.3}{CiLocks}{chapter.4}% 30
\BOOKMARK [0][-]{chapter.5}{Online Password Cracking}{}% 31
\BOOKMARK [1][-]{section.5.1}{Strumenti}{chapter.5}% 32
\BOOKMARK [2][-]{subsection.5.1.1}{Hydra}{section.5.1}% 33
\BOOKMARK [2][-]{subsection.5.1.2}{WpScan}{section.5.1}% 34
\BOOKMARK [2][-]{subsection.5.1.3}{GoBuster}{section.5.1}% 35
\BOOKMARK [0][-]{chapter.6}{Wi-Fi Brute Force}{}% 36
\BOOKMARK [1][-]{section.6.1}{Aircrack-ng}{chapter.6}% 37
\BOOKMARK [1][-]{section.6.2}{Fern}{chapter.6}% 38
\BOOKMARK [0][-]{chapter.7}{CUDA}{}% 39
\BOOKMARK [1][-]{section.7.1}{CPU vs GPU}{chapter.7}% 40
\BOOKMARK [0][-]{chapter.8}{Distribuited Brute Force}{}% 41
\BOOKMARK [1][-]{section.8.1}{Hashtopolis}{chapter.8}% 42
\BOOKMARK [0][-]{chapter.9}{Conclusioni}{}% 43
\BOOKMARK [1][-]{section.9.1}{Sviluppi futuri}{chapter.9}% 44
\BOOKMARK [1][-]{section.9.2}{Problematiche}{chapter.9}% 45
\BOOKMARK [1][-]{section.9.3}{Sistemi di difesa}{chapter.9}% 46
\BOOKMARK [1][-]{section.9.4}{10 Comandamenti del Hash Cracking}{chapter.9}% 47
